[Sat Sep 03 20:25:34.309132 2022] [ssl:warn] [pid 8332:tid 384] AH01909: localhost:443:0 server certificate does NOT include an ID which matches the server name
[Sat Sep 03 20:25:34.334156 2022] [ssl:warn] [pid 8332:tid 384] AH01909: localhost:443:0 server certificate does NOT include an ID which matches the server name
[Sat Sep 03 20:25:34.451155 2022] [mpm_winnt:notice] [pid 8332:tid 384] AH00455: Apache/2.4.54 (Win64) OpenSSL/1.1.1o PHP/8.0.20 configured -- resuming normal operations
[Sat Sep 03 20:25:34.451155 2022] [mpm_winnt:notice] [pid 8332:tid 384] AH00456: Apache Lounge VS16 Server built: Jun  5 2022 10:18:11
[Sat Sep 03 20:25:34.451155 2022] [core:notice] [pid 8332:tid 384] AH00094: Command line: 'C:\\Bitnami\\WORDPR~1.1-0\\apache2\\bin\\httpd.exe -d C:/Bitnami/wordpress-6.0.1-0/apache2 -f C:\\Bitnami\\WORDPR~1.1-0\\apache2\\conf\\httpd.conf'
[Sat Sep 03 20:25:34.459161 2022] [mpm_winnt:notice] [pid 8332:tid 384] AH00418: Parent: Created child process 14032
[Sat Sep 03 20:25:34.638325 2022] [ssl:warn] [pid 14032:tid 408] AH01909: localhost:443:0 server certificate does NOT include an ID which matches the server name
[Sat Sep 03 20:25:34.658343 2022] [ssl:warn] [pid 14032:tid 408] AH01909: localhost:443:0 server certificate does NOT include an ID which matches the server name
[Sat Sep 03 20:25:34.668352 2022] [mpm_winnt:notice] [pid 14032:tid 408] AH00354: Child: Starting 64 worker threads.
[Sat Sep 03 20:25:40.146744 2022] [mpm_winnt:notice] [pid 8332:tid 384] AH00422: Parent: Received shutdown signal -- Shutting down the server.
[Sat Sep 03 20:25:42.155692 2022] [mpm_winnt:notice] [pid 14032:tid 408] AH00364: Child: All worker threads have exited.
[Sat Sep 03 20:25:42.193391 2022] [mpm_winnt:notice] [pid 8332:tid 384] AH00430: Parent: Child process 14032 exited successfully.
[Sat Sep 03 20:25:43.821260 2022] [ssl:warn] [pid 13788:tid 400] AH01909: localhost:443:0 server certificate does NOT include an ID which matches the server name
[Sat Sep 03 20:25:43.845983 2022] [ssl:warn] [pid 13788:tid 400] AH01909: localhost:443:0 server certificate does NOT include an ID which matches the server name
[Sat Sep 03 20:25:43.858994 2022] [mpm_winnt:notice] [pid 13788:tid 400] AH00455: Apache/2.4.54 (Win64) OpenSSL/1.1.1o PHP/8.0.20 configured -- resuming normal operations
[Sat Sep 03 20:25:43.858994 2022] [mpm_winnt:notice] [pid 13788:tid 400] AH00456: Apache Lounge VS16 Server built: Jun  5 2022 10:18:11
[Sat Sep 03 20:25:43.858994 2022] [core:notice] [pid 13788:tid 400] AH00094: Command line: 'C:\\Bitnami\\WORDPR~1.1-0\\apache2\\bin\\httpd.exe -d C:/Bitnami/wordpress-6.0.1-0/apache2 -f C:\\Bitnami\\WORDPR~1.1-0\\apache2\\conf\\httpd.conf'
[Sat Sep 03 20:25:43.867002 2022] [mpm_winnt:notice] [pid 13788:tid 400] AH00418: Parent: Created child process 13480
[Sat Sep 03 20:25:44.045048 2022] [ssl:warn] [pid 13480:tid 428] AH01909: localhost:443:0 server certificate does NOT include an ID which matches the server name
[Sat Sep 03 20:25:44.068069 2022] [ssl:warn] [pid 13480:tid 428] AH01909: localhost:443:0 server certificate does NOT include an ID which matches the server name
[Sat Sep 03 20:25:44.079080 2022] [mpm_winnt:notice] [pid 13480:tid 428] AH00354: Child: Starting 64 worker threads.
[Sat Sep 03 20:25:51.858903 2022] [mpm_winnt:notice] [pid 13788:tid 400] AH00422: Parent: Received shutdown signal -- Shutting down the server.
[Sat Sep 03 20:25:53.886667 2022] [mpm_winnt:notice] [pid 13480:tid 428] AH00364: Child: All worker threads have exited.
[Sat Sep 03 20:25:53.908600 2022] [mpm_winnt:notice] [pid 13788:tid 400] AH00430: Parent: Child process 13480 exited successfully.
[Sat Sep 03 20:25:55.504750 2022] [ssl:warn] [pid 11232:tid 392] AH01909: localhost:443:0 server certificate does NOT include an ID which matches the server name
[Sat Sep 03 20:25:55.530774 2022] [ssl:warn] [pid 11232:tid 392] AH01909: localhost:443:0 server certificate does NOT include an ID which matches the server name
[Sat Sep 03 20:25:55.539782 2022] [mpm_winnt:notice] [pid 11232:tid 392] AH00455: Apache/2.4.54 (Win64) OpenSSL/1.1.1o PHP/8.0.20 configured -- resuming normal operations
[Sat Sep 03 20:25:55.539782 2022] [mpm_winnt:notice] [pid 11232:tid 392] AH00456: Apache Lounge VS16 Server built: Jun  5 2022 10:18:11
[Sat Sep 03 20:25:55.539782 2022] [core:notice] [pid 11232:tid 392] AH00094: Command line: 'C:\\Bitnami\\WORDPR~1.1-0\\apache2\\bin\\httpd.exe -d C:/Bitnami/wordpress-6.0.1-0/apache2 -f C:\\Bitnami\\WORDPR~1.1-0\\apache2\\conf\\httpd.conf'
[Sat Sep 03 20:25:55.546788 2022] [mpm_winnt:notice] [pid 11232:tid 392] AH00418: Parent: Created child process 12848
[Sat Sep 03 20:25:55.844908 2022] [ssl:warn] [pid 12848:tid 400] AH01909: localhost:443:0 server certificate does NOT include an ID which matches the server name
[Sat Sep 03 20:25:55.868930 2022] [ssl:warn] [pid 12848:tid 400] AH01909: localhost:443:0 server certificate does NOT include an ID which matches the server name
[Sat Sep 03 20:25:55.878938 2022] [mpm_winnt:notice] [pid 12848:tid 400] AH00354: Child: Starting 64 worker threads.
VirtualProtect() failed [87] The parameter is incorrect
VirtualProtect() failed [87] The parameter is incorrect
VirtualProtect() failed [87] The parameter is incorrect
VirtualProtect() failed [87] The parameter is incorrect
VirtualProtect() failed [87] The parameter is incorrect
VirtualProtect() failed [87] The parameter is incorrect
VirtualProtect() failed [87] The parameter is incorrect
VirtualProtect() failed [87] The parameter is incorrect
VirtualProtect() failed [87] The parameter is incorrect
VirtualProtect() failed [87] The parameter is incorrect
VirtualProtect() failed [87] The parameter is incorrect
VirtualProtect() failed [87] The parameter is incorrect
VirtualProtect() failed [87] The parameter is incorrect
VirtualProtect() failed [87] The parameter is incorrect
VirtualProtect() failed [87] The parameter is incorrect
VirtualProtect() failed [87] The parameter is incorrect
VirtualProtect() failed [87] The parameter is incorrect
VirtualProtect() failed [87] The parameter is incorrect
VirtualProtect() failed [87] The parameter is incorrect
VirtualProtect() failed [87] The parameter is incorrect
VirtualProtect() failed [87] The parameter is incorrect
VirtualProtect() failed [87] The parameter is incorrect
VirtualProtect() failed [87] The parameter is incorrect
VirtualProtect() failed [87] The parameter is incorrect
VirtualProtect() failed [87] The parameter is incorrect
VirtualProtect() failed [87] The parameter is incorrect
VirtualProtect() failed [87] The parameter is incorrect
VirtualProtect() failed [87] The parameter is incorrect
VirtualProtect() failed [87] The parameter is incorrect
VirtualProtect() failed [87] The parameter is incorrect
VirtualProtect() failed [87] The parameter is incorrect
VirtualProtect() failed [87] The parameter is incorrect
VirtualProtect() failed [87] The parameter is incorrect
VirtualProtect() failed [87] The parameter is incorrect
VirtualProtect() failed [87] The parameter is incorrect
VirtualProtect() failed [87] The parameter is incorrect
VirtualProtect() failed [87] The parameter is incorrect
VirtualProtect() failed [87] The parameter is incorrect
VirtualProtect() failed [87] The parameter is incorrect
VirtualProtect() failed [87] The parameter is incorrect
VirtualProtect() failed [87] The parameter is incorrect
VirtualProtect() failed [87] The parameter is incorrect
VirtualProtect() failed [87] The parameter is incorrect
VirtualProtect() failed [87] The parameter is incorrect
VirtualProtect() failed [87] The parameter is incorrect
VirtualProtect() failed [87] The parameter is incorrect
VirtualProtect() failed [87] The parameter is incorrect
VirtualProtect() failed [87] The parameter is incorrect
VirtualProtect() failed [87] The parameter is incorrect
VirtualProtect() failed [87] The parameter is incorrect
VirtualProtect() failed [87] The parameter is incorrect
VirtualProtect() failed [87] The parameter is incorrect
VirtualProtect() failed [87] The parameter is incorrect
VirtualProtect() failed [87] The parameter is incorrect
VirtualProtect() failed [87] The parameter is incorrect
VirtualProtect() failed [87] The parameter is incorrect
VirtualProtect() failed [87] The parameter is incorrect
VirtualProtect() failed [87] The parameter is incorrect
VirtualProtect() failed [87] The parameter is incorrect
VirtualProtect() failed [87] The parameter is incorrect
VirtualProtect() failed [87] The parameter is incorrect
VirtualProtect() failed [87] The parameter is incorrect
VirtualProtect() failed [87] The parameter is incorrect
VirtualProtect() failed [87] The parameter is incorrect
VirtualProtect() failed [87] The parameter is incorrect
VirtualProtect() failed [87] The parameter is incorrect
VirtualProtect() failed [87] The parameter is incorrect
VirtualProtect() failed [87] The parameter is incorrect
VirtualProtect() failed [87] The parameter is incorrect
VirtualProtect() failed [87] The parameter is incorrect
VirtualProtect() failed [87] The parameter is incorrect
VirtualProtect() failed [87] The parameter is incorrect
VirtualProtect() failed [87] The parameter is incorrect
VirtualProtect() failed [87] The parameter is incorrect
VirtualProtect() failed [87] The parameter is incorrect
VirtualProtect() failed [87] The parameter is incorrect
VirtualProtect() failed [87] The parameter is incorrect
VirtualProtect() failed [87] The parameter is incorrect
VirtualProtect() failed [87] The parameter is incorrect
VirtualProtect() failed [87] The parameter is incorrect
VirtualProtect() failed [87] The parameter is incorrect
VirtualProtect() failed [87] The parameter is incorrect
VirtualProtect() failed [87] The parameter is incorrect
VirtualProtect() failed [87] The parameter is incorrect
VirtualProtect() failed [87] The parameter is incorrect
VirtualProtect() failed [87] The parameter is incorrect
VirtualProtect() failed [87] The parameter is incorrect
VirtualProtect() failed [87] The parameter is incorrect
VirtualProtect() failed [87] The parameter is incorrect
VirtualProtect() failed [87] The parameter is incorrect
VirtualProtect() failed [87] The parameter is incorrect
VirtualProtect() failed [87] The parameter is incorrect
VirtualProtect() failed [87] The parameter is incorrect
VirtualProtect() failed [87] The parameter is incorrect
VirtualProtect() failed [87] The parameter is incorrect
VirtualProtect() failed [87] The parameter is incorrect
VirtualProtect() failed [87] The parameter is incorrect
VirtualProtect() failed [87] The parameter is incorrect
VirtualProtect() failed [87] The parameter is incorrect
VirtualProtect() failed [87] The parameter is incorrect
VirtualProtect() failed [87] The parameter is incorrect
VirtualProtect() failed [87] The parameter is incorrect
VirtualProtect() failed [87] The parameter is incorrect
VirtualProtect() failed [87] The parameter is incorrect
VirtualProtect() failed [87] The parameter is incorrect
VirtualProtect() failed [87] The parameter is incorrect
VirtualProtect() failed [87] The parameter is incorrect
VirtualProtect() failed [87] The parameter is incorrect
VirtualProtect() failed [87] The parameter is incorrect
VirtualProtect() failed [87] The parameter is incorrect
VirtualProtect() failed [87] The parameter is incorrect
VirtualProtect() failed [87] The parameter is incorrect
VirtualProtect() failed [87] The parameter is incorrect
VirtualProtect() failed [87] The parameter is incorrect
VirtualProtect() failed [87] The parameter is incorrect
VirtualProtect() failed [87] The parameter is incorrect
VirtualProtect() failed [87] The parameter is incorrect
VirtualProtect() failed [87] The parameter is incorrect
VirtualProtect() failed [87] The parameter is incorrect
VirtualProtect() failed [87] The parameter is incorrect
VirtualProtect() failed [87] The parameter is incorrect
VirtualProtect() failed [87] The parameter is incorrect
VirtualProtect() failed [87] The parameter is incorrect
VirtualProtect() failed [87] The parameter is incorrect
VirtualProtect() failed [87] The parameter is incorrect
VirtualProtect() failed [87] The parameter is incorrect
VirtualProtect() failed [87] The parameter is incorrect
VirtualProtect() failed [87] The parameter is incorrect
VirtualProtect() failed [87] The parameter is incorrect
VirtualProtect() failed [87] The parameter is incorrect
VirtualProtect() failed [87] The parameter is incorrect
VirtualProtect() failed [87] The parameter is incorrect
VirtualProtect() failed [87] The parameter is incorrect
VirtualProtect() failed [87] The parameter is incorrect
VirtualProtect() failed [87] The parameter is incorrect
VirtualProtect() failed [87] The parameter is incorrect
VirtualProtect() failed [87] The parameter is incorrect
VirtualProtect() failed [87] The parameter is incorrect
VirtualProtect() failed [87] The parameter is incorrect
VirtualProtect() failed [87] The parameter is incorrect
VirtualProtect() failed [87] The parameter is incorrect
VirtualProtect() failed [87] The parameter is incorrect
VirtualProtect() failed [87] The parameter is incorrect
VirtualProtect() failed [87] The parameter is incorrect
VirtualProtect() failed [87] The parameter is incorrect
VirtualProtect() failed [87] The parameter is incorrect
VirtualProtect() failed [87] The parameter is incorrect
VirtualProtect() failed [87] The parameter is incorrect
VirtualProtect() failed [87] The parameter is incorrect
VirtualProtect() failed [87] The parameter is incorrect
VirtualProtect() failed [87] The parameter is incorrect
VirtualProtect() failed [87] The parameter is incorrect
VirtualProtect() failed [87] The parameter is incorrect
VirtualProtect() failed [87] The parameter is incorrect
VirtualProtect() failed [87] The parameter is incorrect
VirtualProtect() failed [87] The parameter is incorrect
VirtualProtect() failed [87] The parameter is incorrect
VirtualProtect() failed [87] The parameter is incorrect
VirtualProtect() failed [87] The parameter is incorrect
VirtualProtect() failed [87] The parameter is incorrect
VirtualProtect() failed [87] The parameter is incorrect
VirtualProtect() failed [87] The parameter is incorrect
VirtualProtect() failed [87] The parameter is incorrect
VirtualProtect() failed [87] The parameter is incorrect
VirtualProtect() failed [87] The parameter is incorrect
VirtualProtect() failed [87] The parameter is incorrect
VirtualProtect() failed [87] The parameter is incorrect
VirtualProtect() failed [87] The parameter is incorrect
VirtualProtect() failed [87] The parameter is incorrect
VirtualProtect() failed [87] The parameter is incorrect
VirtualProtect() failed [87] The parameter is incorrect
VirtualProtect() failed [87] The parameter is incorrect
VirtualProtect() failed [87] The parameter is incorrect
VirtualProtect() failed [87] The parameter is incorrect
VirtualProtect() failed [87] The parameter is incorrect
VirtualProtect() failed [87] The parameter is incorrect
VirtualProtect() failed [87] The parameter is incorrect
VirtualProtect() failed [87] The parameter is incorrect
VirtualProtect() failed [87] The parameter is incorrect
VirtualProtect() failed [87] The parameter is incorrect
VirtualProtect() failed [87] The parameter is incorrect
VirtualProtect() failed [87] The parameter is incorrect
VirtualProtect() failed [87] The parameter is incorrect
VirtualProtect() failed [87] The parameter is incorrect
VirtualProtect() failed [87] The parameter is incorrect
VirtualProtect() failed [87] The parameter is incorrect
VirtualProtect() failed [87] The parameter is incorrect
VirtualProtect() failed [87] The parameter is incorrect
VirtualProtect() failed [87] The parameter is incorrect
VirtualProtect() failed [87] The parameter is incorrect
VirtualProtect() failed [87] The parameter is incorrect
VirtualProtect() failed [87] The parameter is incorrect
VirtualProtect() failed [87] The parameter is incorrect
VirtualProtect() failed [87] The parameter is incorrect
VirtualProtect() failed [87] The parameter is incorrect
VirtualProtect() failed [87] The parameter is incorrect
VirtualProtect() failed [87] The parameter is incorrect
VirtualProtect() failed [87] The parameter is incorrect
VirtualProtect() failed [87] The parameter is incorrect
VirtualProtect() failed [87] The parameter is incorrect
VirtualProtect() failed [87] The parameter is incorrect
VirtualProtect() failed [87] The parameter is incorrect
VirtualProtect() failed [87] The parameter is incorrect
VirtualProtect() failed [87] The parameter is incorrect
VirtualProtect() failed [87] The parameter is incorrect
VirtualProtect() failed [87] The parameter is incorrect
VirtualProtect() failed [87] The parameter is incorrect
VirtualProtect() failed [87] The parameter is incorrect
VirtualProtect() failed [87] The parameter is incorrect
VirtualProtect() failed [87] The parameter is incorrect
VirtualProtect() failed [87] The parameter is incorrect
VirtualProtect() failed [87] The parameter is incorrect
VirtualProtect() failed [87] The parameter is incorrect
VirtualProtect() failed [87] The parameter is incorrect
VirtualProtect() failed [87] The parameter is incorrect
VirtualProtect() failed [87] The parameter is incorrect
VirtualProtect() failed [87] The parameter is incorrect
VirtualProtect() failed [87] The parameter is incorrect
VirtualProtect() failed [87] The parameter is incorrect
VirtualProtect() failed [87] The parameter is incorrect
VirtualProtect() failed [87] The parameter is incorrect
VirtualProtect() failed [87] The parameter is incorrect
VirtualProtect() failed [87] The parameter is incorrect
VirtualProtect() failed [87] The parameter is incorrect
VirtualProtect() failed [87] The parameter is incorrect
VirtualProtect() failed [87] The parameter is incorrect
VirtualProtect() failed [87] The parameter is incorrect
VirtualProtect() failed [87] The parameter is incorrect
VirtualProtect() failed [87] The parameter is incorrect
VirtualProtect() failed [87] The parameter is incorrect
VirtualProtect() failed [87] The parameter is incorrect
VirtualProtect() failed [87] The parameter is incorrect
VirtualProtect() failed [87] The parameter is incorrect
VirtualProtect() failed [87] The parameter is incorrect
VirtualProtect() failed [87] The parameter is incorrect
VirtualProtect() failed [87] The parameter is incorrect
VirtualProtect() failed [87] The parameter is incorrect
VirtualProtect() failed [87] The parameter is incorrect
VirtualProtect() failed [87] The parameter is incorrect
VirtualProtect() failed [87] The parameter is incorrect
VirtualProtect() failed [87] The parameter is incorrect
VirtualProtect() failed [87] The parameter is incorrect
VirtualProtect() failed [87] The parameter is incorrect
VirtualProtect() failed [87] The parameter is incorrect
VirtualProtect() failed [87] The parameter is incorrect
VirtualProtect() failed [87] The parameter is incorrect
VirtualProtect() failed [87] The parameter is incorrect
VirtualProtect() failed [87] The parameter is incorrect
VirtualProtect() failed [87] The parameter is incorrect
VirtualProtect() failed [87] The parameter is incorrect
VirtualProtect() failed [87] The parameter is incorrect
VirtualProtect() failed [87] The parameter is incorrect
VirtualProtect() failed [87] The parameter is incorrect
VirtualProtect() failed [87] The parameter is incorrect
VirtualProtect() failed [87] The parameter is incorrect
VirtualProtect() failed [87] The parameter is incorrect
VirtualProtect() failed [87] The parameter is incorrect
VirtualProtect() failed [87] The parameter is incorrect
VirtualProtect() failed [87] The parameter is incorrect
VirtualProtect() failed [87] The parameter is incorrect
VirtualProtect() failed [87] The parameter is incorrect
VirtualProtect() failed [87] The parameter is incorrect
VirtualProtect() failed [87] The parameter is incorrect
VirtualProtect() failed [87] The parameter is incorrect
VirtualProtect() failed [87] The parameter is incorrect
VirtualProtect() failed [87] The parameter is incorrect
VirtualProtect() failed [87] The parameter is incorrect
VirtualProtect() failed [87] The parameter is incorrect
VirtualProtect() failed [87] The parameter is incorrect
VirtualProtect() failed [87] The parameter is incorrect
VirtualProtect() failed [87] The parameter is incorrect
VirtualProtect() failed [87] The parameter is incorrect
VirtualProtect() failed [87] The parameter is incorrect
VirtualProtect() failed [87] The parameter is incorrect
VirtualProtect() failed [87] The parameter is incorrect
VirtualProtect() failed [87] The parameter is incorrect
VirtualProtect() failed [87] The parameter is incorrect
VirtualProtect() failed [87] The parameter is incorrect
VirtualProtect() failed [87] The parameter is incorrect
VirtualProtect() failed [87] The parameter is incorrect
VirtualProtect() failed [87] The parameter is incorrect
VirtualProtect() failed [87] The parameter is incorrect
VirtualProtect() failed [87] The parameter is incorrect
VirtualProtect() failed [87] The parameter is incorrect
VirtualProtect() failed [87] The parameter is incorrect
VirtualProtect() failed [87] The parameter is incorrect
VirtualProtect() failed [87] The parameter is incorrect
VirtualProtect() failed [87] The parameter is incorrect
VirtualProtect() failed [87] The parameter is incorrect
VirtualProtect() failed [87] The parameter is incorrect
VirtualProtect() failed [87] The parameter is incorrect
VirtualProtect() failed [87] The parameter is incorrect
VirtualProtect() failed [87] The parameter is incorrect
VirtualProtect() failed [87] The parameter is incorrect
VirtualProtect() failed [87] The parameter is incorrect
VirtualProtect() failed [87] The parameter is incorrect
VirtualProtect() failed [87] The parameter is incorrect
VirtualProtect() failed [87] The parameter is incorrect
VirtualProtect() failed [87] The parameter is incorrect
VirtualProtect() failed [87] The parameter is incorrect
VirtualProtect() failed [87] The parameter is incorrect
VirtualProtect() failed [87] The parameter is incorrect
VirtualProtect() failed [87] The parameter is incorrect
VirtualProtect() failed [87] The parameter is incorrect
VirtualProtect() failed [87] The parameter is incorrect
VirtualProtect() failed [87] The parameter is incorrect
VirtualProtect() failed [87] The parameter is incorrect
VirtualProtect() failed [87] The parameter is incorrect
VirtualProtect() failed [87] The parameter is incorrect
VirtualProtect() failed [87] The parameter is incorrect
VirtualProtect() failed [87] The parameter is incorrect
VirtualProtect() failed [87] The parameter is incorrect
VirtualProtect() failed [87] The parameter is incorrect
VirtualProtect() failed [87] The parameter is incorrect
VirtualProtect() failed [87] The parameter is incorrect
VirtualProtect() failed [87] The parameter is incorrect
VirtualProtect() failed [87] The parameter is incorrect
VirtualProtect() failed [87] The parameter is incorrect
VirtualProtect() failed [87] The parameter is incorrect
VirtualProtect() failed [87] The parameter is incorrect
VirtualProtect() failed [87] The parameter is incorrect
VirtualProtect() failed [87] The parameter is incorrect
VirtualProtect() failed [87] The parameter is incorrect
VirtualProtect() failed [87] The parameter is incorrect
VirtualProtect() failed [87] The parameter is incorrect
VirtualProtect() failed [87] The parameter is incorrect
VirtualProtect() failed [87] The parameter is incorrect
VirtualProtect() failed [87] The parameter is incorrect
VirtualProtect() failed [87] The parameter is incorrect
VirtualProtect() failed [87] The parameter is incorrect
VirtualProtect() failed [87] The parameter is incorrect
VirtualProtect() failed [87] The parameter is incorrect
VirtualProtect() failed [87] The parameter is incorrect
VirtualProtect() failed [87] The parameter is incorrect
VirtualProtect() failed [87] The parameter is incorrect
VirtualProtect() failed [87] The parameter is incorrect
VirtualProtect() failed [87] The parameter is incorrect
VirtualProtect() failed [87] The parameter is incorrect
VirtualProtect() failed [87] The parameter is incorrect
VirtualProtect() failed [87] The parameter is incorrect
VirtualProtect() failed [87] The parameter is incorrect
VirtualProtect() failed [87] The parameter is incorrect
VirtualProtect() failed [87] The parameter is incorrect
VirtualProtect() failed [87] The parameter is incorrect
VirtualProtect() failed [87] The parameter is incorrect
VirtualProtect() failed [87] The parameter is incorrect
VirtualProtect() failed [87] The parameter is incorrect
VirtualProtect() failed [87] The parameter is incorrect
VirtualProtect() failed [87] The parameter is incorrect
VirtualProtect() failed [87] The parameter is incorrect
VirtualProtect() failed [87] The parameter is incorrect
VirtualProtect() failed [87] The parameter is incorrect
VirtualProtect() failed [87] The parameter is incorrect
VirtualProtect() failed [87] The parameter is incorrect
VirtualProtect() failed [87] The parameter is incorrect
VirtualProtect() failed [87] The parameter is incorrect
VirtualProtect() failed [87] The parameter is incorrect
VirtualProtect() failed [87] The parameter is incorrect
VirtualProtect() failed [87] The parameter is incorrect
VirtualProtect() failed [87] The parameter is incorrect
VirtualProtect() failed [87] The parameter is incorrect
VirtualProtect() failed [87] The parameter is incorrect
VirtualProtect() failed [87] The parameter is incorrect
VirtualProtect() failed [87] The parameter is incorrect
VirtualProtect() failed [87] The parameter is incorrect
VirtualProtect() failed [87] The parameter is incorrect
VirtualProtect() failed [87] The parameter is incorrect
VirtualProtect() failed [87] The parameter is incorrect
VirtualProtect() failed [87] The parameter is incorrect
VirtualProtect() failed [87] The parameter is incorrect
VirtualProtect() failed [87] The parameter is incorrect
VirtualProtect() failed [87] The parameter is incorrect
VirtualProtect() failed [87] The parameter is incorrect
VirtualProtect() failed [87] The parameter is incorrect
VirtualProtect() failed [87] The parameter is incorrect
VirtualProtect() failed [87] The parameter is incorrect
VirtualProtect() failed [87] The parameter is incorrect
VirtualProtect() failed [87] The parameter is incorrect
VirtualProtect() failed [87] The parameter is incorrect
VirtualProtect() failed [87] The parameter is incorrect
VirtualProtect() failed [87] The parameter is incorrect
VirtualProtect() failed [87] The parameter is incorrect
VirtualProtect() failed [87] The parameter is incorrect
VirtualProtect() failed [87] The parameter is incorrect
VirtualProtect() failed [87] The parameter is incorrect
VirtualProtect() failed [87] The parameter is incorrect
VirtualProtect() failed [87] The parameter is incorrect
VirtualProtect() failed [87] The parameter is incorrect
VirtualProtect() failed [87] The parameter is incorrect
VirtualProtect() failed [87] The parameter is incorrect
VirtualProtect() failed [87] The parameter is incorrect
VirtualProtect() failed [87] The parameter is incorrect
VirtualProtect() failed [87] The parameter is incorrect
VirtualProtect() failed [87] The parameter is incorrect
VirtualProtect() failed [87] The parameter is incorrect
VirtualProtect() failed [87] The parameter is incorrect
VirtualProtect() failed [87] The parameter is incorrect
VirtualProtect() failed [87] The parameter is incorrect
VirtualProtect() failed [87] The parameter is incorrect
VirtualProtect() failed [87] The parameter is incorrect
VirtualProtect() failed [87] The parameter is incorrect
VirtualProtect() failed [87] The parameter is incorrect
VirtualProtect() failed [87] The parameter is incorrect
VirtualProtect() failed [87] The parameter is incorrect
VirtualProtect() failed [87] The parameter is incorrect
VirtualProtect() failed [87] The parameter is incorrect
VirtualProtect() failed [87] The parameter is incorrect
VirtualProtect() failed [87] The parameter is incorrect
VirtualProtect() failed [87] The parameter is incorrect
VirtualProtect() failed [87] The parameter is incorrect
VirtualProtect() failed [87] The parameter is incorrect
VirtualProtect() failed [87] The parameter is incorrect
VirtualProtect() failed [87] The parameter is incorrect
VirtualProtect() failed [87] The parameter is incorrect
VirtualProtect() failed [87] The parameter is incorrect
VirtualProtect() failed [87] The parameter is incorrect
VirtualProtect() failed [87] The parameter is incorrect
VirtualProtect() failed [87] The parameter is incorrect
VirtualProtect() failed [87] The parameter is incorrect
VirtualProtect() failed [87] The parameter is incorrect
VirtualProtect() failed [87] The parameter is incorrect
VirtualProtect() failed [87] The parameter is incorrect
VirtualProtect() failed [87] The parameter is incorrect
VirtualProtect() failed [87] The parameter is incorrect
VirtualProtect() failed [87] The parameter is incorrect
VirtualProtect() failed [87] The parameter is incorrect
VirtualProtect() failed [87] The parameter is incorrect
VirtualProtect() failed [87] The parameter is incorrect
VirtualProtect() failed [87] The parameter is incorrect
VirtualProtect() failed [87] The parameter is incorrect
VirtualProtect() failed [87] The parameter is incorrect
VirtualProtect() failed [87] The parameter is incorrect
VirtualProtect() failed [87] The parameter is incorrect
VirtualProtect() failed [87] The parameter is incorrect
VirtualProtect() failed [87] The parameter is incorrect
VirtualProtect() failed [87] The parameter is incorrect
VirtualProtect() failed [87] The parameter is incorrect
VirtualProtect() failed [87] The parameter is incorrect
VirtualProtect() failed [87] The parameter is incorrect
VirtualProtect() failed [87] The parameter is incorrect
VirtualProtect() failed [87] The parameter is incorrect
VirtualProtect() failed [87] The parameter is incorrect
VirtualProtect() failed [87] The parameter is incorrect
VirtualProtect() failed [87] The parameter is incorrect
VirtualProtect() failed [87] The parameter is incorrect
VirtualProtect() failed [87] The parameter is incorrect
VirtualProtect() failed [87] The parameter is incorrect
VirtualProtect() failed [87] The parameter is incorrect
VirtualProtect() failed [87] The parameter is incorrect
VirtualProtect() failed [87] The parameter is incorrect
VirtualProtect() failed [87] The parameter is incorrect
VirtualProtect() failed [87] The parameter is incorrect
VirtualProtect() failed [87] The parameter is incorrect
VirtualProtect() failed [87] The parameter is incorrect
VirtualProtect() failed [87] The parameter is incorrect
VirtualProtect() failed [87] The parameter is incorrect
VirtualProtect() failed [87] The parameter is incorrect
VirtualProtect() failed [87] The parameter is incorrect
VirtualProtect() failed [87] The parameter is incorrect
VirtualProtect() failed [87] The parameter is incorrect
VirtualProtect() failed [87] The parameter is incorrect
VirtualProtect() failed [87] The parameter is incorrect
VirtualProtect() failed [87] The parameter is incorrect
VirtualProtect() failed [87] The parameter is incorrect
VirtualProtect() failed [87] The parameter is incorrect
VirtualProtect() failed [87] The parameter is incorrect
VirtualProtect() failed [87] The parameter is incorrect
VirtualProtect() failed [87] The parameter is incorrect
VirtualProtect() failed [87] The parameter is incorrect
VirtualProtect() failed [87] The parameter is incorrect
VirtualProtect() failed [87] The parameter is incorrect
VirtualProtect() failed [87] The parameter is incorrect
VirtualProtect() failed [87] The parameter is incorrect
VirtualProtect() failed [87] The parameter is incorrect
VirtualProtect() failed [87] The parameter is incorrect
VirtualProtect() failed [87] The parameter is incorrect
VirtualProtect() failed [87] The parameter is incorrect
VirtualProtect() failed [87] The parameter is incorrect
VirtualProtect() failed [87] The parameter is incorrect
VirtualProtect() failed [87] The parameter is incorrect
VirtualProtect() failed [87] The parameter is incorrect
VirtualProtect() failed [87] The parameter is incorrect
VirtualProtect() failed [87] The parameter is incorrect
VirtualProtect() failed [87] The parameter is incorrect
VirtualProtect() failed [87] The parameter is incorrect
VirtualProtect() failed [87] The parameter is incorrect
VirtualProtect() failed [87] The parameter is incorrect
VirtualProtect() failed [87] The parameter is incorrect
VirtualProtect() failed [87] The parameter is incorrect
VirtualProtect() failed [87] The parameter is incorrect
VirtualProtect() failed [87] The parameter is incorrect
VirtualProtect() failed [87] The parameter is incorrect
VirtualProtect() failed [87] The parameter is incorrect
VirtualProtect() failed [87] The parameter is incorrect
VirtualProtect() failed [87] The parameter is incorrect
VirtualProtect() failed [87] The parameter is incorrect
VirtualProtect() failed [87] The parameter is incorrect
VirtualProtect() failed [87] The parameter is incorrect
VirtualProtect() failed [87] The parameter is incorrect
VirtualProtect() failed [87] The parameter is incorrect
VirtualProtect() failed [87] The parameter is incorrect
VirtualProtect() failed [87] The parameter is incorrect
VirtualProtect() failed [87] The parameter is incorrect
VirtualProtect() failed [87] The parameter is incorrect
VirtualProtect() failed [87] The parameter is incorrect
VirtualProtect() failed [87] The parameter is incorrect
VirtualProtect() failed [87] The parameter is incorrect
VirtualProtect() failed [87] The parameter is incorrect
VirtualProtect() failed [87] The parameter is incorrect
VirtualProtect() failed [87] The parameter is incorrect
VirtualProtect() failed [87] The parameter is incorrect
VirtualProtect() failed [87] The parameter is incorrect
VirtualProtect() failed [87] The parameter is incorrect
VirtualProtect() failed [87] The parameter is incorrect
VirtualProtect() failed [87] The parameter is incorrect
VirtualProtect() failed [87] The parameter is incorrect
VirtualProtect() failed [87] The parameter is incorrect
VirtualProtect() failed [87] The parameter is incorrect
VirtualProtect() failed [87] The parameter is incorrect
VirtualProtect() failed [87] The parameter is incorrect
VirtualProtect() failed [87] The parameter is incorrect
VirtualProtect() failed [87] The parameter is incorrect
VirtualProtect() failed [87] The parameter is incorrect
VirtualProtect() failed [87] The parameter is incorrect
VirtualProtect() failed [87] The parameter is incorrect
VirtualProtect() failed [87] The parameter is incorrect
VirtualProtect() failed [87] The parameter is incorrect
VirtualProtect() failed [87] The parameter is incorrect
VirtualProtect() failed [87] The parameter is incorrect
VirtualProtect() failed [87] The parameter is incorrect
VirtualProtect() failed [87] The parameter is incorrect
VirtualProtect() failed [87] The parameter is incorrect
VirtualProtect() failed [87] The parameter is incorrect
VirtualProtect() failed [87] The parameter is incorrect
VirtualProtect() failed [87] The parameter is incorrect
VirtualProtect() failed [87] The parameter is incorrect
VirtualProtect() failed [87] The parameter is incorrect
VirtualProtect() failed [87] The parameter is incorrect
VirtualProtect() failed [87] The parameter is incorrect
VirtualProtect() failed [87] The parameter is incorrect
VirtualProtect() failed [87] The parameter is incorrect
VirtualProtect() failed [87] The parameter is incorrect
VirtualProtect() failed [87] The parameter is incorrect
VirtualProtect() failed [87] The parameter is incorrect
VirtualProtect() failed [87] The parameter is incorrect
VirtualProtect() failed [87] The parameter is incorrect
VirtualProtect() failed [87] The parameter is incorrect
VirtualProtect() failed [87] The parameter is incorrect
VirtualProtect() failed [87] The parameter is incorrect
VirtualProtect() failed [87] The parameter is incorrect
VirtualProtect() failed [87] The parameter is incorrect
VirtualProtect() failed [87] The parameter is incorrect
VirtualProtect() failed [87] The parameter is incorrect
VirtualProtect() failed [87] The parameter is incorrect
VirtualProtect() failed [87] The parameter is incorrect
VirtualProtect() failed [87] The parameter is incorrect
VirtualProtect() failed [87] The parameter is incorrect
VirtualProtect() failed [87] The parameter is incorrect
VirtualProtect() failed [87] The parameter is incorrect
VirtualProtect() failed [87] The parameter is incorrect
VirtualProtect() failed [87] The parameter is incorrect
VirtualProtect() failed [87] The parameter is incorrect
VirtualProtect() failed [87] The parameter is incorrect
VirtualProtect() failed [87] The parameter is incorrect
VirtualProtect() failed [87] The parameter is incorrect
VirtualProtect() failed [87] The parameter is incorrect
VirtualProtect() failed [87] The parameter is incorrect
VirtualProtect() failed [87] The parameter is incorrect
VirtualProtect() failed [87] The parameter is incorrect
VirtualProtect() failed [87] The parameter is incorrect
VirtualProtect() failed [87] The parameter is incorrect
VirtualProtect() failed [87] The parameter is incorrect
VirtualProtect() failed [87] The parameter is incorrect
VirtualProtect() failed [87] The parameter is incorrect
VirtualProtect() failed [87] The parameter is incorrect
VirtualProtect() failed [87] The parameter is incorrect
VirtualProtect() failed [87] The parameter is incorrect
VirtualProtect() failed [87] The parameter is incorrect
VirtualProtect() failed [87] The parameter is incorrect
VirtualProtect() failed [87] The parameter is incorrect
VirtualProtect() failed [87] The parameter is incorrect
VirtualProtect() failed [87] The parameter is incorrect
VirtualProtect() failed [87] The parameter is incorrect
VirtualProtect() failed [87] The parameter is incorrect
VirtualProtect() failed [87] The parameter is incorrect
VirtualProtect() failed [87] The parameter is incorrect
VirtualProtect() failed [87] The parameter is incorrect
VirtualProtect() failed [87] The parameter is incorrect
VirtualProtect() failed [87] The parameter is incorrect
VirtualProtect() failed [87] The parameter is incorrect
VirtualProtect() failed [87] The parameter is incorrect
VirtualProtect() failed [87] The parameter is incorrect
VirtualProtect() failed [87] The parameter is incorrect
VirtualProtect() failed [87] The parameter is incorrect
VirtualProtect() failed [87] The parameter is incorrect
VirtualProtect() failed [87] The parameter is incorrect
VirtualProtect() failed [87] The parameter is incorrect
VirtualProtect() failed [87] The parameter is incorrect
VirtualProtect() failed [87] The parameter is incorrect
VirtualProtect() failed [87] The parameter is incorrect
VirtualProtect() failed [87] The parameter is incorrect
VirtualProtect() failed [87] The parameter is incorrect
VirtualProtect() failed [87] The parameter is incorrect
VirtualProtect() failed [87] The parameter is incorrect
VirtualProtect() failed [87] The parameter is incorrect
VirtualProtect() failed [87] The parameter is incorrect
VirtualProtect() failed [87] The parameter is incorrect
VirtualProtect() failed [87] The parameter is incorrect
VirtualProtect() failed [87] The parameter is incorrect
VirtualProtect() failed [87] The parameter is incorrect
VirtualProtect() failed [87] The parameter is incorrect
VirtualProtect() failed [87] The parameter is incorrect
VirtualProtect() failed [87] The parameter is incorrect
VirtualProtect() failed [87] The parameter is incorrect
VirtualProtect() failed [87] The parameter is incorrect
VirtualProtect() failed [87] The parameter is incorrect
VirtualProtect() failed [87] The parameter is incorrect
VirtualProtect() failed [87] The parameter is incorrect
VirtualProtect() failed [87] The parameter is incorrect
VirtualProtect() failed [87] The parameter is incorrect
VirtualProtect() failed [87] The parameter is incorrect
VirtualProtect() failed [87] The parameter is incorrect
VirtualProtect() failed [87] The parameter is incorrect
VirtualProtect() failed [87] The parameter is incorrect
VirtualProtect() failed [87] The parameter is incorrect
VirtualProtect() failed [87] The parameter is incorrect
VirtualProtect() failed [87] The parameter is incorrect
VirtualProtect() failed [87] The parameter is incorrect
VirtualProtect() failed [87] The parameter is incorrect
VirtualProtect() failed [87] The parameter is incorrect
VirtualProtect() failed [87] The parameter is incorrect
VirtualProtect() failed [87] The parameter is incorrect
VirtualProtect() failed [87] The parameter is incorrect
VirtualProtect() failed [87] The parameter is incorrect
VirtualProtect() failed [87] The parameter is incorrect
VirtualProtect() failed [87] The parameter is incorrect
VirtualProtect() failed [87] The parameter is incorrect
VirtualProtect() failed [87] The parameter is incorrect
VirtualProtect() failed [87] The parameter is incorrect
VirtualProtect() failed [87] The parameter is incorrect
VirtualProtect() failed [87] The parameter is incorrect
VirtualProtect() failed [87] The parameter is incorrect
VirtualProtect() failed [87] The parameter is incorrect
VirtualProtect() failed [87] The parameter is incorrect
VirtualProtect() failed [87] The parameter is incorrect
VirtualProtect() failed [87] The parameter is incorrect
VirtualProtect() failed [87] The parameter is incorrect
VirtualProtect() failed [87] The parameter is incorrect
VirtualProtect() failed [87] The parameter is incorrect
VirtualProtect() failed [87] The parameter is incorrect
VirtualProtect() failed [87] The parameter is incorrect
VirtualProtect() failed [87] The parameter is incorrect
VirtualProtect() failed [87] The parameter is incorrect
VirtualProtect() failed [87] The parameter is incorrect
VirtualProtect() failed [87] The parameter is incorrect
VirtualProtect() failed [87] The parameter is incorrect
VirtualProtect() failed [87] The parameter is incorrect
VirtualProtect() failed [87] The parameter is incorrect
VirtualProtect() failed [87] The parameter is incorrect
VirtualProtect() failed [87] The parameter is incorrect
VirtualProtect() failed [87] The parameter is incorrect
VirtualProtect() failed [87] The parameter is incorrect
VirtualProtect() failed [87] The parameter is incorrect
VirtualProtect() failed [87] The parameter is incorrect
VirtualProtect() failed [87] The parameter is incorrect
VirtualProtect() failed [87] The parameter is incorrect
VirtualProtect() failed [87] The parameter is incorrect
VirtualProtect() failed [87] The parameter is incorrect
VirtualProtect() failed [87] The parameter is incorrect
VirtualProtect() failed [87] The parameter is incorrect
VirtualProtect() failed [87] The parameter is incorrect
VirtualProtect() failed [87] The parameter is incorrect
VirtualProtect() failed [87] The parameter is incorrect
VirtualProtect() failed [87] The parameter is incorrect
VirtualProtect() failed [87] The parameter is incorrect
VirtualProtect() failed [87] The parameter is incorrect
VirtualProtect() failed [87] The parameter is incorrect
VirtualProtect() failed [87] The parameter is incorrect
VirtualProtect() failed [87] The parameter is incorrect
VirtualProtect() failed [87] The parameter is incorrect
VirtualProtect() failed [87] The parameter is incorrect
VirtualProtect() failed [87] The parameter is incorrect
VirtualProtect() failed [87] The parameter is incorrect
VirtualProtect() failed [87] The parameter is incorrect
VirtualProtect() failed [87] The parameter is incorrect
VirtualProtect() failed [87] The parameter is incorrect
VirtualProtect() failed [87] The parameter is incorrect
VirtualProtect() failed [87] The parameter is incorrect
VirtualProtect() failed [87] The parameter is incorrect
VirtualProtect() failed [87] The parameter is incorrect
VirtualProtect() failed [87] The parameter is incorrect
VirtualProtect() failed [87] The parameter is incorrect
VirtualProtect() failed [87] The parameter is incorrect
VirtualProtect() failed [87] The parameter is incorrect
VirtualProtect() failed [87] The parameter is incorrect
VirtualProtect() failed [87] The parameter is incorrect
VirtualProtect() failed [87] The parameter is incorrect
VirtualProtect() failed [87] The parameter is incorrect
VirtualProtect() failed [87] The parameter is incorrect
VirtualProtect() failed [87] The parameter is incorrect
VirtualProtect() failed [87] The parameter is incorrect
VirtualProtect() failed [87] The parameter is incorrect
VirtualProtect() failed [87] The parameter is incorrect
VirtualProtect() failed [87] The parameter is incorrect
VirtualProtect() failed [87] The parameter is incorrect
VirtualProtect() failed [87] The parameter is incorrect
VirtualProtect() failed [87] The parameter is incorrect
VirtualProtect() failed [87] The parameter is incorrect
VirtualProtect() failed [87] The parameter is incorrect
VirtualProtect() failed [87] The parameter is incorrect
VirtualProtect() failed [87] The parameter is incorrect
VirtualProtect() failed [87] The parameter is incorrect
VirtualProtect() failed [87] The parameter is incorrect
VirtualProtect() failed [87] The parameter is incorrect
VirtualProtect() failed [87] The parameter is incorrect
VirtualProtect() failed [87] The parameter is incorrect
VirtualProtect() failed [87] The parameter is incorrect
VirtualProtect() failed [87] The parameter is incorrect
VirtualProtect() failed [87] The parameter is incorrect
VirtualProtect() failed [87] The parameter is incorrect
VirtualProtect() failed [87] The parameter is incorrect
VirtualProtect() failed [87] The parameter is incorrect
VirtualProtect() failed [87] The parameter is incorrect
VirtualProtect() failed [87] The parameter is incorrect
VirtualProtect() failed [87] The parameter is incorrect
VirtualProtect() failed [87] The parameter is incorrect
VirtualProtect() failed [87] The parameter is incorrect
VirtualProtect() failed [87] The parameter is incorrect
VirtualProtect() failed [87] The parameter is incorrect
VirtualProtect() failed [87] The parameter is incorrect
VirtualProtect() failed [87] The parameter is incorrect
VirtualProtect() failed [87] The parameter is incorrect
VirtualProtect() failed [87] The parameter is incorrect
VirtualProtect() failed [87] The parameter is incorrect
VirtualProtect() failed [87] The parameter is incorrect
VirtualProtect() failed [87] The parameter is incorrect
VirtualProtect() failed [87] The parameter is incorrect
VirtualProtect() failed [87] The parameter is incorrect
VirtualProtect() failed [87] The parameter is incorrect
VirtualProtect() failed [87] The parameter is incorrect
VirtualProtect() failed [87] The parameter is incorrect
VirtualProtect() failed [87] The parameter is incorrect
VirtualProtect() failed [87] The parameter is incorrect
VirtualProtect() failed [87] The parameter is incorrect
VirtualProtect() failed [87] The parameter is incorrect
VirtualProtect() failed [87] The parameter is incorrect
VirtualProtect() failed [87] The parameter is incorrect
VirtualProtect() failed [87] The parameter is incorrect
VirtualProtect() failed [87] The parameter is incorrect
VirtualProtect() failed [87] The parameter is incorrect
VirtualProtect() failed [87] The parameter is incorrect
VirtualProtect() failed [87] The parameter is incorrect
VirtualProtect() failed [87] The parameter is incorrect
VirtualProtect() failed [87] The parameter is incorrect
VirtualProtect() failed [87] The parameter is incorrect
VirtualProtect() failed [87] The parameter is incorrect
VirtualProtect() failed [87] The parameter is incorrect
VirtualProtect() failed [87] The parameter is incorrect
VirtualProtect() failed [87] The parameter is incorrect
VirtualProtect() failed [87] The parameter is incorrect
VirtualProtect() failed [87] The parameter is incorrect
VirtualProtect() failed [87] The parameter is incorrect
VirtualProtect() failed [87] The parameter is incorrect
VirtualProtect() failed [87] The parameter is incorrect
VirtualProtect() failed [87] The parameter is incorrect
VirtualProtect() failed [87] The parameter is incorrect
VirtualProtect() failed [87] The parameter is incorrect
VirtualProtect() failed [87] The parameter is incorrect
VirtualProtect() failed [87] The parameter is incorrect
VirtualProtect() failed [87] The parameter is incorrect
VirtualProtect() failed [87] The parameter is incorrect
VirtualProtect() failed [87] The parameter is incorrect
VirtualProtect() failed [87] The parameter is incorrect
VirtualProtect() failed [87] The parameter is incorrect
VirtualProtect() failed [87] The parameter is incorrect
VirtualProtect() failed [87] The parameter is incorrect
VirtualProtect() failed [87] The parameter is incorrect
VirtualProtect() failed [87] The parameter is incorrect
VirtualProtect() failed [87] The parameter is incorrect
VirtualProtect() failed [87] The parameter is incorrect
VirtualProtect() failed [87] The parameter is incorrect
VirtualProtect() failed [87] The parameter is incorrect
VirtualProtect() failed [87] The parameter is incorrect
VirtualProtect() failed [87] The parameter is incorrect
VirtualProtect() failed [87] The parameter is incorrect
VirtualProtect() failed [87] The parameter is incorrect
VirtualProtect() failed [87] The parameter is incorrect
VirtualProtect() failed [87] The parameter is incorrect
VirtualProtect() failed [87] The parameter is incorrect
VirtualProtect() failed [87] The parameter is incorrect
VirtualProtect() failed [87] The parameter is incorrect
VirtualProtect() failed [87] The parameter is incorrect
VirtualProtect() failed [87] The parameter is incorrect
VirtualProtect() failed [87] The parameter is incorrect
VirtualProtect() failed [87] The parameter is incorrect
VirtualProtect() failed [87] The parameter is incorrect
VirtualProtect() failed [87] The parameter is incorrect
VirtualProtect() failed [87] The parameter is incorrect
VirtualProtect() failed [87] The parameter is incorrect
VirtualProtect() failed [87] The parameter is incorrect
VirtualProtect() failed [87] The parameter is incorrect
VirtualProtect() failed [87] The parameter is incorrect
VirtualProtect() failed [87] The parameter is incorrect
VirtualProtect() failed [87] The parameter is incorrect
VirtualProtect() failed [87] The parameter is incorrect
VirtualProtect() failed [87] The parameter is incorrect
VirtualProtect() failed [87] The parameter is incorrect
VirtualProtect() failed [87] The parameter is incorrect
VirtualProtect() failed [87] The parameter is incorrect
VirtualProtect() failed [87] The parameter is incorrect
VirtualProtect() failed [87] The parameter is incorrect
VirtualProtect() failed [87] The parameter is incorrect
VirtualProtect() failed [87] The parameter is incorrect
VirtualProtect() failed [87] The parameter is incorrect
VirtualProtect() failed [87] The parameter is incorrect
VirtualProtect() failed [87] The parameter is incorrect
VirtualProtect() failed [87] The parameter is incorrect
VirtualProtect() failed [87] The parameter is incorrect
VirtualProtect() failed [87] The parameter is incorrect
VirtualProtect() failed [87] The parameter is incorrect
VirtualProtect() failed [87] The parameter is incorrect
VirtualProtect() failed [87] The parameter is incorrect
VirtualProtect() failed [87] The parameter is incorrect
VirtualProtect() failed [87] The parameter is incorrect
VirtualProtect() failed [87] The parameter is incorrect
VirtualProtect() failed [87] The parameter is incorrect
VirtualProtect() failed [87] The parameter is incorrect
VirtualProtect() failed [87] The parameter is incorrect
VirtualProtect() failed [87] The parameter is incorrect
VirtualProtect() failed [87] The parameter is incorrect
VirtualProtect() failed [87] The parameter is incorrect
VirtualProtect() failed [87] The parameter is incorrect
VirtualProtect() failed [87] The parameter is incorrect
VirtualProtect() failed [87] The parameter is incorrect
VirtualProtect() failed [87] The parameter is incorrect
VirtualProtect() failed [87] The parameter is incorrect
VirtualProtect() failed [87] The parameter is incorrect
VirtualProtect() failed [87] The parameter is incorrect
VirtualProtect() failed [87] The parameter is incorrect
VirtualProtect() failed [87] The parameter is incorrect
VirtualProtect() failed [87] The parameter is incorrect
VirtualProtect() failed [87] The parameter is incorrect
VirtualProtect() failed [87] The parameter is incorrect
VirtualProtect() failed [87] The parameter is incorrect
VirtualProtect() failed [87] The parameter is incorrect
VirtualProtect() failed [87] The parameter is incorrect
VirtualProtect() failed [87] The parameter is incorrect
VirtualProtect() failed [87] The parameter is incorrect
VirtualProtect() failed [87] The parameter is incorrect
VirtualProtect() failed [87] The parameter is incorrect
VirtualProtect() failed [87] The parameter is incorrect
VirtualProtect() failed [87] The parameter is incorrect
VirtualProtect() failed [87] The parameter is incorrect
VirtualProtect() failed [87] The parameter is incorrect
VirtualProtect() failed [87] The parameter is incorrect
VirtualProtect() failed [87] The parameter is incorrect
VirtualProtect() failed [87] The parameter is incorrect
VirtualProtect() failed [87] The parameter is incorrect
VirtualProtect() failed [87] The parameter is incorrect
VirtualProtect() failed [87] The parameter is incorrect
VirtualProtect() failed [87] The parameter is incorrect
VirtualProtect() failed [87] The parameter is incorrect
VirtualProtect() failed [87] The parameter is incorrect
VirtualProtect() failed [87] The parameter is incorrect
VirtualProtect() failed [87] The parameter is incorrect
VirtualProtect() failed [87] The parameter is incorrect
VirtualProtect() failed [87] The parameter is incorrect
VirtualProtect() failed [87] The parameter is incorrect
VirtualProtect() failed [87] The parameter is incorrect
VirtualProtect() failed [87] The parameter is incorrect
VirtualProtect() failed [87] The parameter is incorrect
VirtualProtect() failed [87] The parameter is incorrect
VirtualProtect() failed [87] The parameter is incorrect
VirtualProtect() failed [87] The parameter is incorrect
VirtualProtect() failed [87] The parameter is incorrect
VirtualProtect() failed [87] The parameter is incorrect
VirtualProtect() failed [87] The parameter is incorrect
VirtualProtect() failed [87] The parameter is incorrect
VirtualProtect() failed [87] The parameter is incorrect
VirtualProtect() failed [87] The parameter is incorrect
VirtualProtect() failed [87] The parameter is incorrect
VirtualProtect() failed [87] The parameter is incorrect
VirtualProtect() failed [87] The parameter is incorrect
VirtualProtect() failed [87] The parameter is incorrect
VirtualProtect() failed [87] The parameter is incorrect
VirtualProtect() failed [87] The parameter is incorrect
VirtualProtect() failed [87] The parameter is incorrect
VirtualProtect() failed [87] The parameter is incorrect
VirtualProtect() failed [87] The parameter is incorrect
VirtualProtect() failed [87] The parameter is incorrect
VirtualProtect() failed [87] The parameter is incorrect
VirtualProtect() failed [87] The parameter is incorrect
VirtualProtect() failed [87] The parameter is incorrect
VirtualProtect() failed [87] The parameter is incorrect
VirtualProtect() failed [87] The parameter is incorrect
VirtualProtect() failed [87] The parameter is incorrect
VirtualProtect() failed [87] The parameter is incorrect
VirtualProtect() failed [87] The parameter is incorrect
VirtualProtect() failed [87] The parameter is incorrect
VirtualProtect() failed [87] The parameter is incorrect
VirtualProtect() failed [87] The parameter is incorrect
VirtualProtect() failed [87] The parameter is incorrect
VirtualProtect() failed [87] The parameter is incorrect
VirtualProtect() failed [87] The parameter is incorrect
VirtualProtect() failed [87] The parameter is incorrect
VirtualProtect() failed [87] The parameter is incorrect
VirtualProtect() failed [87] The parameter is incorrect
VirtualProtect() failed [87] The parameter is incorrect
VirtualProtect() failed [87] The parameter is incorrect
VirtualProtect() failed [87] The parameter is incorrect
VirtualProtect() failed [87] The parameter is incorrect
VirtualProtect() failed [87] The parameter is incorrect
VirtualProtect() failed [87] The parameter is incorrect
VirtualProtect() failed [87] The parameter is incorrect
VirtualProtect() failed [87] The parameter is incorrect
VirtualProtect() failed [87] The parameter is incorrect
VirtualProtect() failed [87] The parameter is incorrect
VirtualProtect() failed [87] The parameter is incorrect
VirtualProtect() failed [87] The parameter is incorrect
VirtualProtect() failed [87] The parameter is incorrect
VirtualProtect() failed [87] The parameter is incorrect
VirtualProtect() failed [87] The parameter is incorrect
VirtualProtect() failed [87] The parameter is incorrect
VirtualProtect() failed [87] The parameter is incorrect
VirtualProtect() failed [87] The parameter is incorrect
VirtualProtect() failed [87] The parameter is incorrect
VirtualProtect() failed [87] The parameter is incorrect
VirtualProtect() failed [87] The parameter is incorrect
VirtualProtect() failed [87] The parameter is incorrect
VirtualProtect() failed [87] The parameter is incorrect
VirtualProtect() failed [87] The parameter is incorrect
VirtualProtect() failed [87] The parameter is incorrect
VirtualProtect() failed [87] The parameter is incorrect
VirtualProtect() failed [87] The parameter is incorrect
VirtualProtect() failed [87] The parameter is incorrect
VirtualProtect() failed [87] The parameter is incorrect
VirtualProtect() failed [87] The parameter is incorrect
VirtualProtect() failed [87] The parameter is incorrect
VirtualProtect() failed [87] The parameter is incorrect
VirtualProtect() failed [87] The parameter is incorrect
VirtualProtect() failed [87] The parameter is incorrect
VirtualProtect() failed [87] The parameter is incorrect
VirtualProtect() failed [87] The parameter is incorrect
VirtualProtect() failed [87] The parameter is incorrect
VirtualProtect() failed [87] The parameter is incorrect
VirtualProtect() failed [87] The parameter is incorrect
VirtualProtect() failed [87] The parameter is incorrect
VirtualProtect() failed [87] The parameter is incorrect
VirtualProtect() failed [87] The parameter is incorrect
VirtualProtect() failed [87] The parameter is incorrect
VirtualProtect() failed [87] The parameter is incorrect
VirtualProtect() failed [87] The parameter is incorrect
VirtualProtect() failed [87] The parameter is incorrect
VirtualProtect() failed [87] The parameter is incorrect
VirtualProtect() failed [87] The parameter is incorrect
VirtualProtect() failed [87] The parameter is incorrect
VirtualProtect() failed [87] The parameter is incorrect
VirtualProtect() failed [87] The parameter is incorrect
VirtualProtect() failed [87] The parameter is incorrect
VirtualProtect() failed [87] The parameter is incorrect
VirtualProtect() failed [87] The parameter is incorrect
VirtualProtect() failed [87] The parameter is incorrect
[Sat Sep 03 20:26:44.503207 2022] [mpm_winnt:crit] [pid 12848:tid 400] AH02538: Child: Parent process exited abruptly. Child process is ending
